<?xml version="1.0" encoding="UTF-8"?>
<!-- Generated by org.testng.reporters.JUnitReportReporter -->
<testsuite skipped="0" hostname="DESKTOP-NGUUSKQ" name="qsp.DemoB" tests="1" failures="0" timestamp="27 Dec 2019 10:19:05 GMT" time="0.015" errors="0">
  <testcase name="testA" time="0.015" classname="qsp.DemoB"/>
</testsuite> <!-- qsp.DemoB -->
